<?xml version="1.0" encoding="UTF-8"?>
<testsuite xmlns:xsi="http://www.w3.org/2001/XMLSchema-instance" xsi:noNamespaceSchemaLocation="https://maven.apache.org/surefire/maven-surefire-plugin/xsd/surefire-test-report-3.0.xsd" version="3.0" name="se.midlogic.bookingtransactions.BookingTransactionsApplicationTests" time="1.023" tests="1" errors="0" skipped="0" failures="0">
  <properties>
[...]
</properties>
  <testcase name="contextLoads" classname="se.midlogic.bookingtransactions.BookingTransactionsApplicationTests" time="0.014">
    <system-out><![CDATA[2023-10-05T18:30:51.045+02:00  INFO 6188 --- [           main] t.c.s.AnnotationConfigContextLoaderUtils : Could not detect default configuration classes for test class [se.midlogic.bookingtransactions.BookingTransactionsApplicationTests]: BookingTransactionsApplicationTests does not declare any static, non-private, non-final, nested classes annotated with @Configuration.
2023-10-05T18:30:51.085+02:00  INFO 6188 --- [           main] .b.t.c.SpringBootTestContextBootstrapper : Found @SpringBootConfiguration se.midlogic.bookingtransactions.BookingTransactionsApplication for test class se.midlogic.bookingtransactions.BookingTransactionsApplicationTests

  .   ____          _            __ _ _
 /\\ / ___'_ __ _ _(_)_ __  __ _ \ \ \ \
( ( )\___ | '_ | '_| | '_ \/ _` | \ \ \ \
 \\/  ___)| |_)| | | | | || (_| |  ) ) ) )
  '  |____| .__|_| |_|_| |_\__, | / / / /
 =========|_|==============|___/=/_/_/_/
 :: Spring Boot ::                (v3.1.4)

2023-10-05T18:30:51.215+02:00  INFO 6188 --- [           main] .m.b.BookingTransactionsApplicationTests : Starting BookingTransactionsApplicationTests using Java 17.0.1 with PID 6188 (started by milandesnica in /Users/milandesnica/development/assignments/bookingTransactions)
2023-10-05T18:30:51.216+02:00  INFO 6188 --- [           main] .m.b.BookingTransactionsApplicationTests : No active profile set, falling back to 1 default profile: "default"
2023-10-05T18:30:52.016+02:00  INFO 6188 --- [           main] .m.b.BookingTransactionsApplicationTests : Started BookingTransactionsApplicationTests in 0.913 seconds (process running for 6.649)
]]></system-out>
  </testcase>
</testsuite>